<?xml version="1.0" encoding="UTF-8"?>
<!-- Generated by org.testng.reporters.JUnitReportReporter -->
<testsuite hostname="DESKTOP-VM71CIR" failures="0" tests="24" name="tests.Test_DemoBlaze" time="169.842" errors="0" timestamp="2025-04-04T17:27:04 IST" skipped="3">
  <testcase classname="tests.Test_DemoBlaze" name="testSignUpWithExistingUser" time="8.895"/>
  <testcase classname="tests.Test_DemoBlaze" name="testSignUpWithExistingUser" time="8.303"/>
  <testcase classname="tests.Test_DemoBlaze" name="testSignUpWithExistingUser" time="8.700"/>
  <testcase classname="tests.Test_DemoBlaze" name="testSignUpWithEmptyFields" time="7.779"/>
  <testcase classname="tests.Test_DemoBlaze" name="testSignUpWithEmptyFields" time="7.872"/>
  <testcase classname="tests.Test_DemoBlaze" name="testSignUpWithEmptyFields" time="7.826"/>
  <testcase classname="tests.Test_DemoBlaze" name="testLoginWithEmptyFields" time="6.815"/>
  <testcase classname="tests.Test_DemoBlaze" name="testLoginWithEmptyFields" time="6.617"/>
  <testcase classname="tests.Test_DemoBlaze" name="testLoginWithEmptyFields" time="6.984"/>
  <testcase classname="tests.Test_DemoBlaze" name="testLoginWithInvalidPassword" time="7.328"/>
  <testcase classname="tests.Test_DemoBlaze" name="testLoginWithInvalidPassword" time="7.412"/>
  <testcase classname="tests.Test_DemoBlaze" name="testLoginWithInvalidPassword" time="7.377"/>
  <testcase classname="tests.Test_DemoBlaze" name="testLoginWithValidCredentials" time="14.976"/>
  <testcase classname="tests.Test_DemoBlaze" name="testLoginWithValidCredentials" time="15.201"/>
  <testcase classname="tests.Test_DemoBlaze" name="testLoginWithValidCredentials" time="15.219"/>
  <testcase classname="tests.Test_DemoBlaze" name="testAddLaptopToCartAfterLogin" time="6.488"/>
  <testcase classname="tests.Test_DemoBlaze" name="testAddLaptopToCartAfterLogin" time="6.459"/>
  <testcase classname="tests.Test_DemoBlaze" name="testAddLaptopToCartAfterLogin" time="6.199"/>
  <testcase classname="tests.Test_DemoBlaze" name="checkoutpagetest" time="4.319"/>
  <testcase classname="tests.Test_DemoBlaze" name="checkoutpagetest" time="5.107"/>
  <testcase classname="tests.Test_DemoBlaze" name="checkoutpagetest" time="3.966"/>
  <testcase classname="tests.Test_DemoBlaze" name="testValidSignUp">
    <skipped/>
  </testcase> <!-- testValidSignUp -->
  <testcase classname="tests.Test_DemoBlaze" name="testValidSignUp">
    <skipped/>
  </testcase> <!-- testValidSignUp -->
  <testcase classname="tests.Test_DemoBlaze" name="testValidSignUp">
    <skipped/>
  </testcase> <!-- testValidSignUp -->
</testsuite> <!-- tests.Test_DemoBlaze -->
