<?xml version="1.0" encoding="UTF-8"?>
<!-- Generated by org.testng.reporters.JUnitReportReporter -->
<testsuite hostname="DESKTOP-VM71CIR" failures="0" tests="3" name="tests.LoginTest" time="20.414" errors="0" timestamp="2025-04-04T12:57:02 IST" skipped="0">
  <testcase classname="tests.LoginTest" name="testLoginWithEmptyFields" time="3.256"/>
  <testcase classname="tests.LoginTest" name="testLoginWithInvalidPassword" time="3.752"/>
  <testcase classname="tests.LoginTest" name="testLoginWithValidCredentials" time="13.406"/>
</testsuite> <!-- tests.LoginTest -->
