<?xml version="1.0" encoding="UTF-8"?>
<!-- Generated by org.testng.reporters.JUnitReportReporter -->
<testsuite hostname="DESKTOP-VM71CIR" failures="0" tests="1" name="tests.AddToCartTest" time="15.975" errors="0" timestamp="2025-04-04T13:06:07 IST" skipped="0">
  <testcase classname="tests.AddToCartTest" name="testAddLaptopToCartAfterLogin" time="15.975"/>
</testsuite> <!-- tests.AddToCartTest -->
