<?xml version="1.0" encoding="UTF-8"?>
<!-- Generated by org.testng.reporters.JUnitReportReporter -->
<testsuite hostname="DESKTOP-VM71CIR" failures="0" tests="3" name="tests.SignUpTest" time="17.138" errors="0" timestamp="2025-04-04T12:23:48 IST" skipped="0">
  <testcase classname="tests.SignUpTest" name="testValidSignUp" time="5.122"/>
  <testcase classname="tests.SignUpTest" name="testSignUpWithExistingUser" time="5.684"/>
  <testcase classname="tests.SignUpTest" name="testSignUpWithEmptyFields" time="6.332"/>
</testsuite> <!-- tests.SignUpTest -->
